Unity Editor version:    2021.1.22f1 (a137e5fb0427)
Branch:                  2021.1/staging
Build type:              Release
Batch mode:              YES
macOS version:           Version 11.5.2 (Build 20G95)
Darwin version:          20.6.0
Architecture:            x86_64
Running under Rosetta:   NO
Available memory:        8192 MB
Using pre-set license
Pro License: NO
Pro License: NO

COMMAND LINE ARGUMENTS:
/Applications/Unity/Hub/Editor/2021.1.22f1/Unity.app/Contents/MacOS/Unity
-adb2
-batchMode
-noUpm
-name
AssetImportWorker0
-projectPath
/Users/jstriedinger/Documents/GitHub/MMX-Sabana
-logFile
Logs/AssetImportWorker0.log
-srvPort
52921
Successfully changed project path to: /Users/jstriedinger/Documents/GitHub/MMX-Sabana
/Users/jstriedinger/Documents/GitHub/MMX-Sabana
Using Asset Import Pipeline V2.
Refreshing native plugins compatible for Editor in 71.82 ms, found 2 plugins.
Preloading 0 native plugins for Editor in 0.00 ms.
Initialize engine version: 2021.1.22f1 (a137e5fb0427)
[Subsystems] Discovering subsystems at path /Applications/Unity/Hub/Editor/2021.1.22f1/Unity.app/Contents/Resources/UnitySubsystems
[Subsystems] Discovering subsystems at path /Users/jstriedinger/Documents/GitHub/MMX-Sabana/Assets
GfxDevice: creating device client; threaded=0; jobified=0
2021-10-02 11:29:35.750 Unity[7017:93974] iMac preferred device: AMD Radeon Pro 570X (high power)
2021-10-02 11:29:35.750 Unity[7017:93974] Metal devices available: 1
2021-10-02 11:29:35.750 Unity[7017:93974] 0: AMD Radeon Pro 570X (high power)
2021-10-02 11:29:35.750 Unity[7017:93974] Using device AMD Radeon Pro 570X (high power)
Initializing Metal device caps: AMD Radeon Pro 570X
Initialize mono
Mono path[0] = '/Applications/Unity/Hub/Editor/2021.1.22f1/Unity.app/Contents/Managed'
Mono path[1] = '/Applications/Unity/Hub/Editor/2021.1.22f1/Unity.app/Contents/MonoBleedingEdge/lib/mono/unityjit'
Mono config path = '/Applications/Unity/Hub/Editor/2021.1.22f1/Unity.app/Contents/MonoBleedingEdge/etc'
Using monoOptions --debugger-agent=transport=dt_socket,embedding=1,server=y,suspend=n,address=127.0.0.1:56017
Begin MonoManager ReloadAssembly
Registering precompiled unity dll's ...
Register platform support module: /Applications/Unity/Hub/Editor/2021.1.22f1/PlaybackEngines/WebGLSupport/UnityEditor.WebGL.Extensions.dll
Register platform support module: /Applications/Unity/Hub/Editor/2021.1.22f1/Unity.app/Contents/PlaybackEngines/MacStandaloneSupport/UnityEditor.OSXStandalone.Extensions.dll
Registered in 0.003555 seconds.
Native extension for OSXStandalone target not found
Native extension for WebGL target not found
Refreshing native plugins compatible for Editor in 29.73 ms, found 2 plugins.
Preloading 0 native plugins for Editor in 0.00 ms.
Mono: successfully reloaded assembly
- Completed reload, in  1.973 seconds
Domain Reload Profiling:
	ReloadAssembly (1974ms)
		BeginReloadAssembly (207ms)
			ExecutionOrderSort (0ms)
			DisableScriptedObjects (0ms)
			BackupInstance (0ms)
			ReleaseScriptingObjects (0ms)
			CreateAndSetChildDomain (1ms)
		EndReloadAssembly (502ms)
			LoadAssemblies (209ms)
			RebuildTransferFunctionScriptingTraits (0ms)
			SetupTypeCache (219ms)
			ReleaseScriptCaches (0ms)
			RebuildScriptCaches (40ms)
			SetupLoadedEditorAssemblies (193ms)
				LogAssemblyErrors (0ms)
				InitializePlatformSupportModulesInManaged (7ms)
				SetLoadedEditorAssemblies (0ms)
				RefreshPlugins (30ms)
				BeforeProcessingInitializeOnLoad (1ms)
				ProcessInitializeOnLoadAttributes (116ms)
				ProcessInitializeOnLoadMethodAttributes (38ms)
				AfterProcessingInitializeOnLoad (0ms)
				EditorAssembliesLoaded (0ms)
			ExecutionOrderSort2 (0ms)
			AwakeInstancesAfterBackupRestoration (0ms)
Platform modules already initialized, skipping
Registering precompiled user dll's ...
Registered in 0.039018 seconds.
Begin MonoManager ReloadAssembly
Native extension for OSXStandalone target not found
Native extension for WebGL target not found
Refreshing native plugins compatible for Editor in 0.37 ms, found 2 plugins.
Preloading 0 native plugins for Editor in 0.00 ms.
Mono: successfully reloaded assembly
- Completed reload, in  1.542 seconds
Domain Reload Profiling:
	ReloadAssembly (1542ms)
		BeginReloadAssembly (177ms)
			ExecutionOrderSort (0ms)
			DisableScriptedObjects (5ms)
			BackupInstance (0ms)
			ReleaseScriptingObjects (0ms)
			CreateAndSetChildDomain (38ms)
		EndReloadAssembly (1296ms)
			LoadAssemblies (349ms)
			RebuildTransferFunctionScriptingTraits (0ms)
			SetupTypeCache (350ms)
			ReleaseScriptCaches (0ms)
			RebuildScriptCaches (58ms)
			SetupLoadedEditorAssemblies (424ms)
				LogAssemblyErrors (0ms)
				InitializePlatformSupportModulesInManaged (5ms)
				SetLoadedEditorAssemblies (0ms)
				RefreshPlugins (0ms)
				BeforeProcessingInitializeOnLoad (40ms)
				ProcessInitializeOnLoadAttributes (363ms)
				ProcessInitializeOnLoadMethodAttributes (12ms)
				AfterProcessingInitializeOnLoad (1ms)
				EditorAssembliesLoaded (0ms)
			ExecutionOrderSort2 (0ms)
			AwakeInstancesAfterBackupRestoration (7ms)
Platform modules already initialized, skipping
========================================================================
Worker process is ready to serve import requests
Launching external process: /Applications/Unity/Hub/Editor/2021.1.22f1/Unity.app/Contents/Tools/UnityShaderCompiler
Launched and connected shader compiler UnityShaderCompiler after 0.33 seconds
Refreshing native plugins compatible for Editor in 0.36 ms, found 2 plugins.
Preloading 0 native plugins for Editor in 0.00 ms.
Unloading 1505 Unused Serialized files (Serialized files now loaded: 0)
System memory in use before: 165.8 MB.
System memory in use after: 165.9 MB.

Unloading 20 unused Assets to reduce memory usage. Loaded Objects now: 1957.
Total: 2.792527 ms (FindLiveObjects: 0.114849 ms CreateObjectMapping: 0.037764 ms MarkObjects: 2.591493 ms  DeleteObjects: 0.047599 ms)

AssetImportParameters requested are different than current active one (requested -> active):
  custom:video-decoder-ogg-theora: a1e56fd34408186e4bbccfd4996cb3dc -> 
  custom:container-muxer-webm: aa71ff27fc2769a1b78a27578f13a17b -> 
  custom:container-demuxer-webm: 4f35f7cbe854078d1ac9338744f61a02 -> 
  custom:container-demuxer-ogg: 62fdf1f143b41e24485cea50d1cbac27 -> 
  custom:video-encoder-webm-vp8: eb34c28f22e8b96e1ab97ce403110664 -> 
  custom:framework-osx-AVFoundation: e770b220cccbd017edd2c1fefb359320 -> 
  custom:video-decoder-webm-vp8: 9c59270c3fd7afecdb556c50c9e8de78 -> 
  custom:audio-decoder-ogg-vorbis: bf7c407c2cedff20999df2af8eb42d56 -> 
  custom:audio-encoder-webm-vorbis: bf7c407c2cedff20999df2af8eb42d56 -> 
========================================================================
Received Import Request.
  path: Assets/Tiles/terrain_A_13.asset
  artifactKey: Guid(bc028fb565c23544087d4cec00f47534) Importer(815301076,1909f56bfc062723c751e8b465ee728b)
Start importing Assets/Tiles/terrain_A_13.asset using Guid(bc028fb565c23544087d4cec00f47534) Importer(815301076,1909f56bfc062723c751e8b465ee728b)  -> (artifact id: '7ccc426fc0f83eeb86625dd8972fb876') in 1.549311 seconds 
========================================================================
Received Import Request.
  Time since last request: 0.000319 seconds.
  path: Assets/Tiles/terrain_A_3.asset
  artifactKey: Guid(780b8ab7b29bac248b9cd44cd008f0a6) Importer(815301076,1909f56bfc062723c751e8b465ee728b)
Start importing Assets/Tiles/terrain_A_3.asset using Guid(780b8ab7b29bac248b9cd44cd008f0a6) Importer(815301076,1909f56bfc062723c751e8b465ee728b)  -> (artifact id: '43510876c53281ccd479cd48f7de7053') in 0.006559 seconds 
========================================================================
Received Import Request.
  Time since last request: 0.000218 seconds.
  path: Assets/Tiles/terrain_A_35.asset
  artifactKey: Guid(b8087a3e50cf9ac479d7054f57a53ab6) Importer(815301076,1909f56bfc062723c751e8b465ee728b)
Start importing Assets/Tiles/terrain_A_35.asset using Guid(b8087a3e50cf9ac479d7054f57a53ab6) Importer(815301076,1909f56bfc062723c751e8b465ee728b)  -> (artifact id: 'a829360ac399f31515893387fcc331e3') in 0.004917 seconds 
========================================================================
Received Import Request.
  Time since last request: 0.000235 seconds.
  path: Assets/Tiles/bg_B.asset
  artifactKey: Guid(743f824132a8dc641958926423896e9f) Importer(815301076,1909f56bfc062723c751e8b465ee728b)
Start importing Assets/Tiles/bg_B.asset using Guid(743f824132a8dc641958926423896e9f) Importer(815301076,1909f56bfc062723c751e8b465ee728b)  -> (artifact id: '4e708040fa1b5bcc0a701eb789194528') in 0.137847 seconds 
========================================================================
Received Import Request.
  Time since last request: 0.000361 seconds.
  path: Assets/animations/Megaman.controller
  artifactKey: Guid(ccb8c53e66391c646ba7ae506bd04270) Importer(815301076,1909f56bfc062723c751e8b465ee728b)
Start importing Assets/animations/Megaman.controller using Guid(ccb8c53e66391c646ba7ae506bd04270) Importer(815301076,1909f56bfc062723c751e8b465ee728b)  -> (artifact id: '55f89da159232f38d05584003c3d6f37') in 0.472631 seconds 
========================================================================
Received Import Request.
  Time since last request: 0.000198 seconds.
  path: Assets/Tiles/plataforma.asset
  artifactKey: Guid(bc2df66fd8f28dd4ca4204eaa7d1be6c) Importer(815301076,1909f56bfc062723c751e8b465ee728b)
Start importing Assets/Tiles/plataforma.asset using Guid(bc2df66fd8f28dd4ca4204eaa7d1be6c) Importer(815301076,1909f56bfc062723c751e8b465ee728b)  -> (artifact id: 'e5081103c68af456d431e0bb8b87ce13') in 0.051901 seconds 
========================================================================
Received Import Request.
  Time since last request: 0.000257 seconds.
  path: Assets/Tiles/Background.prefab
  artifactKey: Guid(33b35545a4b56a24b977f50242effc1b) Importer(815301076,1909f56bfc062723c751e8b465ee728b)
Start importing Assets/Tiles/Background.prefab using Guid(33b35545a4b56a24b977f50242effc1b) Importer(815301076,1909f56bfc062723c751e8b465ee728b)  -> (artifact id: '04f2d881038ac37956ded8aa6ff231ec') in 0.412552 seconds 
========================================================================
Received Import Request.
  Time since last request: 0.000184 seconds.
  path: Assets/Tiles/terrain_A_32.asset
  artifactKey: Guid(e7c659cd52847384f8c6242a4a575ff9) Importer(815301076,1909f56bfc062723c751e8b465ee728b)
Start importing Assets/Tiles/terrain_A_32.asset using Guid(e7c659cd52847384f8c6242a4a575ff9) Importer(815301076,1909f56bfc062723c751e8b465ee728b)  -> (artifact id: '48bddd3898d4309fa33c173e321b9d88') in 0.008105 seconds 
========================================================================
Received Import Request.
  Time since last request: 0.000148 seconds.
  path: Assets/Tiles/terrain_A_1.asset
  artifactKey: Guid(50c93d108b3eebc4fbd7252b64ca6f4c) Importer(815301076,1909f56bfc062723c751e8b465ee728b)
Start importing Assets/Tiles/terrain_A_1.asset using Guid(50c93d108b3eebc4fbd7252b64ca6f4c) Importer(815301076,1909f56bfc062723c751e8b465ee728b)  -> (artifact id: '7bd23be65d6684c78b3f35001aefe5f8') in 0.010827 seconds 
========================================================================
Received Import Request.
  Time since last request: 0.000324 seconds.
  path: Assets/Tiles/terrain_A_17.asset
  artifactKey: Guid(741536b9e5fbfba4290d7cdc02d0137f) Importer(815301076,1909f56bfc062723c751e8b465ee728b)
Start importing Assets/Tiles/terrain_A_17.asset using Guid(741536b9e5fbfba4290d7cdc02d0137f) Importer(815301076,1909f56bfc062723c751e8b465ee728b)  -> (artifact id: 'bec478900193ba1dd2640c3d28ec0aa2') in 0.007636 seconds 
========================================================================
Received Import Request.
  Time since last request: 0.000160 seconds.
  path: Assets/Tiles/terrain_A_9.asset
  artifactKey: Guid(8838b5a694421514d856221061a5ca12) Importer(815301076,1909f56bfc062723c751e8b465ee728b)
Start importing Assets/Tiles/terrain_A_9.asset using Guid(8838b5a694421514d856221061a5ca12) Importer(815301076,1909f56bfc062723c751e8b465ee728b)  -> (artifact id: 'ed76edcffe865be731d0872e6e4c2d91') in 0.005214 seconds 
========================================================================
Received Import Request.
  Time since last request: 0.000172 seconds.
  path: Assets/Tiles/terrain_A_22.asset
  artifactKey: Guid(6a938734b0dc3ec4a9e31dc51a7b9c06) Importer(815301076,1909f56bfc062723c751e8b465ee728b)
Start importing Assets/Tiles/terrain_A_22.asset using Guid(6a938734b0dc3ec4a9e31dc51a7b9c06) Importer(815301076,1909f56bfc062723c751e8b465ee728b)  -> (artifact id: '2813fcff29589d8c56c9ee22a07a7191') in 0.005396 seconds 
========================================================================
Received Import Request.
  Time since last request: 0.000170 seconds.
  path: Assets/Tiles/terrain_A_7.asset
  artifactKey: Guid(b0f6f56210d7b4d47b294a6ecbed71c5) Importer(815301076,1909f56bfc062723c751e8b465ee728b)
Start importing Assets/Tiles/terrain_A_7.asset using Guid(b0f6f56210d7b4d47b294a6ecbed71c5) Importer(815301076,1909f56bfc062723c751e8b465ee728b)  -> (artifact id: 'df24b9b7168c58b2dd190da9460ddd49') in 0.007879 seconds 
========================================================================
Received Import Request.
  Time since last request: 0.000171 seconds.
  path: Assets/Tiles/terrain_A_33.asset
  artifactKey: Guid(12207fac410df294cb3864fd2a6148b6) Importer(815301076,1909f56bfc062723c751e8b465ee728b)
Start importing Assets/Tiles/terrain_A_33.asset using Guid(12207fac410df294cb3864fd2a6148b6) Importer(815301076,1909f56bfc062723c751e8b465ee728b)  -> (artifact id: '0caf34e14ef57af9cece2122706a98d5') in 0.004717 seconds 
========================================================================
Received Import Request.
  Time since last request: 0.000130 seconds.
  path: Assets/Tiles/terrain_A_14.asset
  artifactKey: Guid(57e05a3d9f1aff940b059b162802c74b) Importer(815301076,1909f56bfc062723c751e8b465ee728b)
Start importing Assets/Tiles/terrain_A_14.asset using Guid(57e05a3d9f1aff940b059b162802c74b) Importer(815301076,1909f56bfc062723c751e8b465ee728b)  -> (artifact id: 'b46e82e95baf49c06e7c4c7b0d7cfacb') in 0.004802 seconds 
========================================================================
Received Import Request.
  Time since last request: 0.000318 seconds.
  path: Assets/Tiles/terrain_A_6.asset
  artifactKey: Guid(d7b66726c0dfae54c8630241498ccf0a) Importer(815301076,1909f56bfc062723c751e8b465ee728b)
Start importing Assets/Tiles/terrain_A_6.asset using Guid(d7b66726c0dfae54c8630241498ccf0a) Importer(815301076,1909f56bfc062723c751e8b465ee728b)  -> (artifact id: '2b2bff12955ad74b5effdaed21017a51') in 0.006412 seconds 
========================================================================
Received Import Request.
  Time since last request: 0.000173 seconds.
  path: Assets/Tiles/terrain_A_21.asset
  artifactKey: Guid(e58f4e645ac7f6248958b82db6f90eea) Importer(815301076,1909f56bfc062723c751e8b465ee728b)
Start importing Assets/Tiles/terrain_A_21.asset using Guid(e58f4e645ac7f6248958b82db6f90eea) Importer(815301076,1909f56bfc062723c751e8b465ee728b)  -> (artifact id: '1fb097793430b710413d88531c304aee') in 0.004933 seconds 
========================================================================
Received Import Request.
  Time since last request: 0.000142 seconds.
  path: Assets/Tiles/terrain_A_0.asset
  artifactKey: Guid(3405f8eb0ab62424b96a75d110be4d5b) Importer(815301076,1909f56bfc062723c751e8b465ee728b)
Start importing Assets/Tiles/terrain_A_0.asset using Guid(3405f8eb0ab62424b96a75d110be4d5b) Importer(815301076,1909f56bfc062723c751e8b465ee728b)  -> (artifact id: '3a3308156445e2e4b4b3b4ddf7577322') in 0.005670 seconds 
========================================================================
Received Import Request.
  Time since last request: 0.000169 seconds.
  path: Assets/Tiles/terrain_A_16.asset
  artifactKey: Guid(d89a9d4da9623d34e85e3fb7e109e4ac) Importer(815301076,1909f56bfc062723c751e8b465ee728b)
Start importing Assets/Tiles/terrain_A_16.asset using Guid(d89a9d4da9623d34e85e3fb7e109e4ac) Importer(815301076,1909f56bfc062723c751e8b465ee728b)  -> (artifact id: 'c554925c7bfb1f150ed389168ec65fb1') in 0.005135 seconds 
========================================================================
Received Import Request.
  Time since last request: 0.000167 seconds.
  path: Assets/Tiles/terrain_A_25.asset
  artifactKey: Guid(918b8e1d700d52f4989ff79defc1b332) Importer(815301076,1909f56bfc062723c751e8b465ee728b)
Start importing Assets/Tiles/terrain_A_25.asset using Guid(918b8e1d700d52f4989ff79defc1b332) Importer(815301076,1909f56bfc062723c751e8b465ee728b)  -> (artifact id: '489ea478d2029538e519646df0e0cc38') in 0.004657 seconds 
========================================================================
Received Import Request.
  Time since last request: 0.000286 seconds.
  path: Assets/Tiles/terrain_A_30.asset
  artifactKey: Guid(7848414950e7be0479ff57024da97928) Importer(815301076,1909f56bfc062723c751e8b465ee728b)
Start importing Assets/Tiles/terrain_A_30.asset using Guid(7848414950e7be0479ff57024da97928) Importer(815301076,1909f56bfc062723c751e8b465ee728b)  -> (artifact id: '359a0c1709fe9b30217c0f812959f491') in 0.004870 seconds 
========================================================================
Received Import Request.
  Time since last request: 0.000164 seconds.
  path: Assets/Tiles/nivel.prefab
  artifactKey: Guid(e6a978dd7858f284e9c99f7a2bdba5b1) Importer(815301076,1909f56bfc062723c751e8b465ee728b)
Start importing Assets/Tiles/nivel.prefab using Guid(e6a978dd7858f284e9c99f7a2bdba5b1) Importer(815301076,1909f56bfc062723c751e8b465ee728b)  -> (artifact id: '098f1cb699ae5944dc0e85d25de5ff4a') in 0.043701 seconds 
========================================================================
Received Import Request.
  Time since last request: 0.000182 seconds.
  path: Assets/Tiles/terrain_A_28.asset
  artifactKey: Guid(9159b03ec310f34458b86a188e5e12ec) Importer(815301076,1909f56bfc062723c751e8b465ee728b)
Start importing Assets/Tiles/terrain_A_28.asset using Guid(9159b03ec310f34458b86a188e5e12ec) Importer(815301076,1909f56bfc062723c751e8b465ee728b)  -> (artifact id: '84394ae86ce5af7859fa9be07c28a9f4') in 0.004583 seconds 
========================================================================
Received Import Request.
  Time since last request: 0.000185 seconds.
  path: Assets/Tiles/terrain_A_4.asset
  artifactKey: Guid(81ca9683148adcb42918e61fd7fc3f68) Importer(815301076,1909f56bfc062723c751e8b465ee728b)
Start importing Assets/Tiles/terrain_A_4.asset using Guid(81ca9683148adcb42918e61fd7fc3f68) Importer(815301076,1909f56bfc062723c751e8b465ee728b)  -> (artifact id: '6dd44e9b5d5b083f177a7f93d8a46dca') in 0.004234 seconds 
========================================================================
Received Import Request.
  Time since last request: 0.000175 seconds.
  path: Assets/Tiles/terrain_A_29.asset
  artifactKey: Guid(7ddb73fe4bdbaa24ea1a19bf52509ce1) Importer(815301076,1909f56bfc062723c751e8b465ee728b)
Start importing Assets/Tiles/terrain_A_29.asset using Guid(7ddb73fe4bdbaa24ea1a19bf52509ce1) Importer(815301076,1909f56bfc062723c751e8b465ee728b)  -> (artifact id: 'e7d4c3fbb6bbc7def1d055d633218fc4') in 0.005195 seconds 
========================================================================
Received Import Request.
  Time since last request: 0.000160 seconds.
  path: Assets/Tiles/terrain_A_20.asset
  artifactKey: Guid(e5903dfa9a230914abc4d82f4271161b) Importer(815301076,1909f56bfc062723c751e8b465ee728b)
Start importing Assets/Tiles/terrain_A_20.asset using Guid(e5903dfa9a230914abc4d82f4271161b) Importer(815301076,1909f56bfc062723c751e8b465ee728b)  -> (artifact id: '70bd23f9336af8b8508d1e0199cabb1e') in 0.005053 seconds 
========================================================================
Received Import Request.
  Time since last request: 0.000181 seconds.
  path: Assets/Tiles/terrain_A_15.asset
  artifactKey: Guid(46a2a7a7e4d9c5348a47b32852220695) Importer(815301076,1909f56bfc062723c751e8b465ee728b)
Start importing Assets/Tiles/terrain_A_15.asset using Guid(46a2a7a7e4d9c5348a47b32852220695) Importer(815301076,1909f56bfc062723c751e8b465ee728b)  -> (artifact id: '1a8bdbf3fceb61913185e19b47cf168a') in 0.004369 seconds 
========================================================================
Received Import Request.
  Time since last request: 0.000170 seconds.
  path: Assets/Tiles/terrain_A_2.asset
  artifactKey: Guid(e03ca2790248f3d4b8f8c996f9e33321) Importer(815301076,1909f56bfc062723c751e8b465ee728b)
Start importing Assets/Tiles/terrain_A_2.asset using Guid(e03ca2790248f3d4b8f8c996f9e33321) Importer(815301076,1909f56bfc062723c751e8b465ee728b)  -> (artifact id: '6d3de773d30e118562ab576354f82281') in 0.004639 seconds 
========================================================================
Received Import Request.
  Time since last request: 0.000178 seconds.
  path: Assets/Tiles/terrain_A_11.asset
  artifactKey: Guid(308a09345e1181440ba65793652d5f4b) Importer(815301076,1909f56bfc062723c751e8b465ee728b)
Start importing Assets/Tiles/terrain_A_11.asset using Guid(308a09345e1181440ba65793652d5f4b) Importer(815301076,1909f56bfc062723c751e8b465ee728b)  -> (artifact id: '642e4e607276f01ddb098a710b4ec87b') in 0.004851 seconds 
========================================================================
Received Import Request.
  Time since last request: 0.000157 seconds.
  path: Assets/Tiles/terrain_A_37.asset
  artifactKey: Guid(6d872b04947cddd47a61c6407d62c382) Importer(815301076,1909f56bfc062723c751e8b465ee728b)
Start importing Assets/Tiles/terrain_A_37.asset using Guid(6d872b04947cddd47a61c6407d62c382) Importer(815301076,1909f56bfc062723c751e8b465ee728b)  -> (artifact id: 'd8524a38296bdfd221bd3209f5348cdb') in 0.005109 seconds 
========================================================================
Received Import Request.
  Time since last request: 0.000193 seconds.
  path: Assets/Tiles/terrain_A_23.asset
  artifactKey: Guid(40dd3fd3e1e82af49afeb570be34f59f) Importer(815301076,1909f56bfc062723c751e8b465ee728b)
Start importing Assets/Tiles/terrain_A_23.asset using Guid(40dd3fd3e1e82af49afeb570be34f59f) Importer(815301076,1909f56bfc062723c751e8b465ee728b)  -> (artifact id: 'bbcc5492303bc1bd6813444b1e5c818b') in 0.005037 seconds 
========================================================================
Received Import Request.
  Time since last request: 0.000159 seconds.
  path: Assets/Tiles/terrain_A_38.asset
  artifactKey: Guid(d65f9005875c5404abfa6bb7d95b1bce) Importer(815301076,1909f56bfc062723c751e8b465ee728b)
Start importing Assets/Tiles/terrain_A_38.asset using Guid(d65f9005875c5404abfa6bb7d95b1bce) Importer(815301076,1909f56bfc062723c751e8b465ee728b)  -> (artifact id: 'd0ae2bd534bc180276e965c78be78701') in 0.005567 seconds 
========================================================================
Received Import Request.
  Time since last request: 0.000163 seconds.
  path: Assets/Tiles/terrain_A_36.asset
  artifactKey: Guid(c1cdbafc7bd94d1488c919b96ae1ffca) Importer(815301076,1909f56bfc062723c751e8b465ee728b)
Start importing Assets/Tiles/terrain_A_36.asset using Guid(c1cdbafc7bd94d1488c919b96ae1ffca) Importer(815301076,1909f56bfc062723c751e8b465ee728b)  -> (artifact id: 'e0de94fdf369c3dbfe8f1e4c0c5cca74') in 0.004583 seconds 
========================================================================
Received Import Request.
  Time since last request: 0.000160 seconds.
  path: Assets/Tiles/terrain_A_8.asset
  artifactKey: Guid(9a77f2d0eaf848841a8cb79e878f6506) Importer(815301076,1909f56bfc062723c751e8b465ee728b)
Start importing Assets/Tiles/terrain_A_8.asset using Guid(9a77f2d0eaf848841a8cb79e878f6506) Importer(815301076,1909f56bfc062723c751e8b465ee728b)  -> (artifact id: '5c7bc2713d02e661aa8b887ee4de330a') in 0.008222 seconds 
========================================================================
Received Import Request.
  Time since last request: 0.000150 seconds.
  path: Assets/Tiles/terrain_A_24.asset
  artifactKey: Guid(abb7d092110ccb547907f71d9d009c4e) Importer(815301076,1909f56bfc062723c751e8b465ee728b)
Start importing Assets/Tiles/terrain_A_24.asset using Guid(abb7d092110ccb547907f71d9d009c4e) Importer(815301076,1909f56bfc062723c751e8b465ee728b)  -> (artifact id: '706d525ff86cf2e34582d0d21f004a8f') in 0.006036 seconds 
========================================================================
Received Import Request.
  Time since last request: 0.000133 seconds.
  path: Assets/Tiles/terrain_A_12.asset
  artifactKey: Guid(67a3f4ab077816549a8203cc357c05ad) Importer(815301076,1909f56bfc062723c751e8b465ee728b)
Start importing Assets/Tiles/terrain_A_12.asset using Guid(67a3f4ab077816549a8203cc357c05ad) Importer(815301076,1909f56bfc062723c751e8b465ee728b)  -> (artifact id: 'eebe269ec51b77e67872ff1d40beaf6b') in 0.004525 seconds 
========================================================================
Received Import Request.
  Time since last request: 0.000162 seconds.
  path: Assets/Tiles/terrain_A_34.asset
  artifactKey: Guid(4cf8fb003374f654a819339f6866c39f) Importer(815301076,1909f56bfc062723c751e8b465ee728b)
Start importing Assets/Tiles/terrain_A_34.asset using Guid(4cf8fb003374f654a819339f6866c39f) Importer(815301076,1909f56bfc062723c751e8b465ee728b)  -> (artifact id: '8d413f3fc9c468edefb49a017142c3b6') in 0.004723 seconds 
========================================================================
Received Import Request.
  Time since last request: 0.000189 seconds.
  path: Assets/Tiles/terrain_A_26.asset
  artifactKey: Guid(5dc7d347e7bacc14f891cfaef765d897) Importer(815301076,1909f56bfc062723c751e8b465ee728b)
Start importing Assets/Tiles/terrain_A_26.asset using Guid(5dc7d347e7bacc14f891cfaef765d897) Importer(815301076,1909f56bfc062723c751e8b465ee728b)  -> (artifact id: 'fcfa1c73cc239fc98b134784da6d2c4b') in 0.005419 seconds 
========================================================================
Received Import Request.
  Time since last request: 0.000156 seconds.
  path: Assets/scripts/Megaman.cs
  artifactKey: Guid(fe33c4db1652377488e9b8b8602286e2) Importer(815301076,1909f56bfc062723c751e8b465ee728b)
Start importing Assets/scripts/Megaman.cs using Guid(fe33c4db1652377488e9b8b8602286e2) Importer(815301076,1909f56bfc062723c751e8b465ee728b)  -> (artifact id: '884c4190d24445f338483b854c445098') in 0.520323 seconds 
========================================================================
Received Import Request.
  Time since last request: 0.000214 seconds.
  path: Assets/Tiles/terrain_A_27.asset
  artifactKey: Guid(7cd5e24cab14d9e409477dfc7d7edeb7) Importer(815301076,1909f56bfc062723c751e8b465ee728b)
Start importing Assets/Tiles/terrain_A_27.asset using Guid(7cd5e24cab14d9e409477dfc7d7edeb7) Importer(815301076,1909f56bfc062723c751e8b465ee728b)  -> (artifact id: 'fbae79583689c3de7a8e7753f73db719') in 0.009018 seconds 
========================================================================
Received Import Request.
  Time since last request: 0.000237 seconds.
  path: Assets/Tiles/terrain_A_5.asset
  artifactKey: Guid(4c7cba16f90deda4cbdc3e4369e75f6f) Importer(815301076,1909f56bfc062723c751e8b465ee728b)
Start importing Assets/Tiles/terrain_A_5.asset using Guid(4c7cba16f90deda4cbdc3e4369e75f6f) Importer(815301076,1909f56bfc062723c751e8b465ee728b)  -> (artifact id: '06a0734b675e0b79c2c2e9d0c40e91b0') in 0.011974 seconds 
========================================================================
Received Import Request.
  Time since last request: 0.000269 seconds.
  path: Assets/Tiles/terrain_A_18.asset
  artifactKey: Guid(c455153dd72932f4681d3be932dc1ff2) Importer(815301076,1909f56bfc062723c751e8b465ee728b)
Start importing Assets/Tiles/terrain_A_18.asset using Guid(c455153dd72932f4681d3be932dc1ff2) Importer(815301076,1909f56bfc062723c751e8b465ee728b)  -> (artifact id: '5edbfd188229b47bf9ecfbbc677cfff1') in 0.006463 seconds 
========================================================================
Received Import Request.
  Time since last request: 0.000313 seconds.
  path: Assets/Tiles/terrain_A_10.asset
  artifactKey: Guid(d0275d406d639484d8427bedf016b8cf) Importer(815301076,1909f56bfc062723c751e8b465ee728b)
Start importing Assets/Tiles/terrain_A_10.asset using Guid(d0275d406d639484d8427bedf016b8cf) Importer(815301076,1909f56bfc062723c751e8b465ee728b)  -> (artifact id: '33e036642c7d6566bc29a0a7b6b82603') in 0.006525 seconds 
========================================================================
Received Import Request.
  Time since last request: 0.000185 seconds.
  path: Assets/Tiles/terrain_A_19.asset
  artifactKey: Guid(c4583992bd533af44a3df70661a498b7) Importer(815301076,1909f56bfc062723c751e8b465ee728b)
Start importing Assets/Tiles/terrain_A_19.asset using Guid(c4583992bd533af44a3df70661a498b7) Importer(815301076,1909f56bfc062723c751e8b465ee728b)  -> (artifact id: '654a7e8f7a333a06b620f676241c37dd') in 0.006153 seconds 
========================================================================
Received Import Request.
  Time since last request: 0.000190 seconds.
  path: Assets/Tiles/terrain_A_31.asset
  artifactKey: Guid(c7adc40ce5d029245a3e7fd3b27b62e9) Importer(815301076,1909f56bfc062723c751e8b465ee728b)
Start importing Assets/Tiles/terrain_A_31.asset using Guid(c7adc40ce5d029245a3e7fd3b27b62e9) Importer(815301076,1909f56bfc062723c751e8b465ee728b)  -> (artifact id: 'f24dff4d57c16d30c8c654723f4d6051') in 0.006489 seconds 
========================================================================
Received Prepare
Registering precompiled user dll's ...
Registered in 0.001205 seconds.
Begin MonoManager ReloadAssembly
Native extension for OSXStandalone target not found
Native extension for WebGL target not found
Refreshing native plugins compatible for Editor in 0.31 ms, found 2 plugins.
Preloading 0 native plugins for Editor in 0.00 ms.
Mono: successfully reloaded assembly
- Completed reload, in  1.174 seconds
Domain Reload Profiling:
	ReloadAssembly (1174ms)
		BeginReloadAssembly (158ms)
			ExecutionOrderSort (0ms)
			DisableScriptedObjects (8ms)
			BackupInstance (0ms)
			ReleaseScriptingObjects (0ms)
			CreateAndSetChildDomain (79ms)
		EndReloadAssembly (944ms)
			LoadAssemblies (87ms)
			RebuildTransferFunctionScriptingTraits (0ms)
			SetupTypeCache (387ms)
			ReleaseScriptCaches (1ms)
			RebuildScriptCaches (55ms)
			SetupLoadedEditorAssemblies (290ms)
				LogAssemblyErrors (0ms)
				InitializePlatformSupportModulesInManaged (6ms)
				SetLoadedEditorAssemblies (0ms)
				RefreshPlugins (0ms)
				BeforeProcessingInitializeOnLoad (37ms)
				ProcessInitializeOnLoadAttributes (234ms)
				ProcessInitializeOnLoadMethodAttributes (10ms)
				AfterProcessingInitializeOnLoad (1ms)
				EditorAssembliesLoaded (0ms)
			ExecutionOrderSort2 (0ms)
			AwakeInstancesAfterBackupRestoration (9ms)
Platform modules already initialized, skipping
Refreshing native plugins compatible for Editor in 0.30 ms, found 2 plugins.
Preloading 0 native plugins for Editor in 0.00 ms.
Unloading 1499 Unused Serialized files (Serialized files now loaded: 0)
System memory in use before: 188.9 MB.
System memory in use after: 189.1 MB.

Unloading 11 unused Assets to reduce memory usage. Loaded Objects now: 1970.
Total: 3.053296 ms (FindLiveObjects: 0.126192 ms CreateObjectMapping: 0.043980 ms MarkObjects: 2.867894 ms  DeleteObjects: 0.014442 ms)

AssetImportParameters requested are different than current active one (requested -> active):
  custom:video-decoder-ogg-theora: a1e56fd34408186e4bbccfd4996cb3dc -> 
  custom:container-muxer-webm: aa71ff27fc2769a1b78a27578f13a17b -> 
  custom:container-demuxer-webm: 4f35f7cbe854078d1ac9338744f61a02 -> 
  custom:container-demuxer-ogg: 62fdf1f143b41e24485cea50d1cbac27 -> 
  custom:video-encoder-webm-vp8: eb34c28f22e8b96e1ab97ce403110664 -> 
  custom:framework-osx-AVFoundation: e770b220cccbd017edd2c1fefb359320 -> 
  custom:video-decoder-webm-vp8: 9c59270c3fd7afecdb556c50c9e8de78 -> 
  custom:audio-decoder-ogg-vorbis: bf7c407c2cedff20999df2af8eb42d56 -> 
  custom:audio-encoder-webm-vorbis: bf7c407c2cedff20999df2af8eb42d56 -> 
